<?xml version="1.0" encoding="UTF-8"?>
<!-- Generated by org.testng.reporters.JUnitReportReporter -->
<testsuite hostname="Swathi" failures="0" tests="4" name="testngFiles2.copy.Annotations" time="0.018" errors="0" timestamp="05 Dec 2017 10:21:24 GMT" skipped="0">
  <testcase classname="testngFiles2.copy.Annotations" name="ClosingBrowser" time="0.003"/>
  <testcase classname="testngFiles2.copy.Annotations" name="ClearCooky3" time="0.004"/>
  <testcase classname="testngFiles2.copy.Annotations" name="ClearCooky2" time="0.004"/>
  <testcase classname="testngFiles2.copy.Annotations" name="ClearCooky" time="0.007"/>
</testsuite> <!-- testngFiles2.copy.Annotations -->
