<?xml version="1.0" encoding="UTF-8"?>
<!-- Generated by org.testng.reporters.JUnitReportReporter -->
<testsuite hostname="Swathi" failures="0" tests="8" name="testngFiles.Annotations3" time="0.063" errors="0" timestamp="06 Dec 2017 08:28:39 GMT" skipped="0">
  <testcase classname="testngFiles.Annotations3" name="userid" time="0.002"/>
  <testcase classname="testngFiles.Annotations3" name="ClearCooky1" time="0.043"/>
  <testcase classname="testngFiles.Annotations3" name="ClearCooky3" time="0.005"/>
  <testcase classname="testngFiles.Annotations3" name="ClearCooky5" time="0.002"/>
  <testcase classname="testngFiles.Annotations3" name="userid" time="0.003"/>
  <testcase classname="testngFiles.Annotations3" name="ClearCooky2" time="0.004"/>
  <testcase classname="testngFiles.Annotations3" name="ClearCooky4" time="0.002"/>
  <testcase classname="testngFiles.Annotations3" name="userid" time="0.002"/>
</testsuite> <!-- testngFiles.Annotations3 -->
