<?xml version="1.0" encoding="UTF-8"?>
<!-- Generated by org.testng.reporters.JUnitReportReporter -->
<testsuite hostname="Swathi" failures="0" tests="1" name="testngFiles.Annotation4" time="0.042" errors="0" timestamp="06 Dec 2017 09:47:11 GMT" skipped="0">
  <testcase classname="testngFiles.Annotation4" name="datatest1" time="0.042"/>
</testsuite> <!-- testngFiles.Annotation4 -->
