<?xml version="1.0" encoding="UTF-8"?>
<!-- Generated by org.testng.reporters.JUnitReportReporter -->
<testsuite hostname="Swathi" failures="0" tests="2" name="testngFiles.Annotation5" time="8.028" errors="0" timestamp="06 Dec 2017 10:31:19 GMT" skipped="0">
  <testcase classname="testngFiles.Annotation5" name="Login" time="8.018"/>
  <testcase classname="testngFiles.Annotation5" name="abc" time="0.010"/>
</testsuite> <!-- testngFiles.Annotation5 -->
